<?xml version="1.0" encoding="UTF-8"?>
<!-- Generated by org.testng.reporters.JUnitReportReporter -->
<testsuite hostname="KSATHAVARA-PF2MYVSE" failures="0" tests="1" name="xvweb.test_automation.App" time="0.005" errors="0" timestamp="2021-07-27T10:17:13 PDT" skipped="0">
  <testcase classname="xvweb.test_automation.App" name="test" time="0.005"/>
  <system-out/>
</testsuite> <!-- xvweb.test_automation.App -->
